[2025-10-08 01:04:48.890] [Logging] Started logging to 'physics_debug.log'
[2025-10-08 01:04:48.890] [Game] WorldGen initialized
[2025-10-08 01:04:48.891] [Game] ChunkManager initialized with collision support
[2025-10-08 01:04:48.899] [PSX Effects] Shaders compiled successfully
[2025-10-08 01:04:48.899] [Game] Renderer initialized
[2025-10-08 01:04:48.910] [EntityRenderer] Generated player mesh: 480 vertices, VAO=1, VBO=1
[2025-10-08 01:04:48.910] [Game] EntityRenderer initialized
[2025-10-08 01:04:48.925] [Player] Spawned at (16, 37.1, 16)
[2025-10-08 01:04:48.925] [Game] Player initialized at position: (16, 37.1, 16)
[2025-10-08 01:04:48.926] [Game] Network controller initialized
[2025-10-08 01:04:48.931] [Game] Found atlas at: textures/atlas.png
[2025-10-08 01:04:48.988] [AtlasManager] Loaded image: textures/atlas.png (256x256)
[2025-10-08 01:04:48.989] [AtlasManager] Using preferred tile size: 64
[2025-10-08 01:04:48.989] [AtlasManager] Detected: tileSize=64, tilesPerRow=4, tilesPerCol=4
[2025-10-08 01:04:48.994] [AtlasManager] Successfully uploaded to GL texture 1
[2025-10-08 01:04:48.995] [AtlasManager] Verified texture dimensions: 256x256
[2025-10-08 01:04:48.996] [Renderer] AtlasManager loaded atlas: textures/atlas.png (GL id 1)
[2025-10-08 01:04:48.997] [Game] Loaded 0 chunks
[2025-10-08 01:04:49.429] [Client] Chunk update loop starting...
[2025-10-08 01:04:49.980] [Renderer] Chunk (0,0,0)
[2025-10-08 01:04:49.980] [Renderer]   Expected world range: (0-32, 0-96, 0-32)
[2025-10-08 01:04:49.981] [Renderer]   First vertex at: (1.0, 0.8, -0.0)
[2025-10-08 01:04:49.981] [Renderer]   Vertex in expected range: False
[2025-10-08 01:04:49.981] [Renderer] Chunk (0,0,0) BEFORE conversion:
[2025-10-08 01:04:49.981]   Length: 115542, vertices: 16506
[2025-10-08 01:04:49.981]   First vertex: pos=(1.00,0.83,-0.00), normal=(0.00,-1.00,-0.00), blockType=1
[2025-10-08 01:04:50.012] [Renderer] Chunk (0,0,0) AFTER conversion:
[2025-10-08 01:04:50.012]   Length: 132048, vertices: 16506
[2025-10-08 01:04:50.012]   First vertex: pos=(1.00,0.83,-0.00), normal=(0.00,-1.00,-0.00), uv=(0.0328,0.2480)
[2025-10-08 01:04:50.016] [Renderer] Uploaded chunk (0,0,0): VAO=2, VBO=2, 16506 vertices
[2025-10-08 01:04:50.159] [Renderer] Chunk (1,0,0)
[2025-10-08 01:04:50.160] [Renderer]   Expected world range: (32-64, 0-96, 0-32)
[2025-10-08 01:04:50.160] [Renderer]   First vertex at: (33.0, 0.9, 0.0)
[2025-10-08 01:04:50.160] [Renderer]   Vertex in expected range: True
[2025-10-08 01:04:50.160] [Renderer] Chunk (1,0,0) BEFORE conversion:
[2025-10-08 01:04:50.160]   Length: 93261, vertices: 13323
[2025-10-08 01:04:50.160]   First vertex: pos=(33.00,0.86,0.00), normal=(-0.03,-1.00,0.02), blockType=1
[2025-10-08 01:04:50.166] [Renderer] Chunk (1,0,0) AFTER conversion:
[2025-10-08 01:04:50.166]   Length: 106584, vertices: 13323
[2025-10-08 01:04:50.166]   First vertex: pos=(33.00,0.86,0.00), normal=(-0.03,-1.00,0.02), uv=(0.0327,0.0020)
[2025-10-08 01:04:50.166] [Renderer] Uploaded chunk (1,0,0): VAO=3, VBO=3, 13323 vertices
[2025-10-08 01:04:50.457] [Renderer] Chunk (0,0,1)
[2025-10-08 01:04:50.457] [Renderer]   Expected world range: (0-32, 0-96, 32-64)
[2025-10-08 01:04:50.458] [Renderer]   First vertex at: (1.0, 0.8, 32.0)
[2025-10-08 01:04:50.458] [Renderer]   Vertex in expected range: False
[2025-10-08 01:04:50.458] [Renderer] Chunk (0,0,1) BEFORE conversion:
[2025-10-08 01:04:50.458]   Length: 97965, vertices: 13995
[2025-10-08 01:04:50.458]   First vertex: pos=(1.00,0.76,32.00), normal=(-0.04,-1.00,-0.02), blockType=1
[2025-10-08 01:04:50.465] [Renderer] Chunk (0,0,1) AFTER conversion:
[2025-10-08 01:04:50.465]   Length: 111960, vertices: 13995
[2025-10-08 01:04:50.465]   First vertex: pos=(1.00,0.76,32.00), normal=(-0.04,-1.00,-0.02), uv=(0.0327,0.2480)
[2025-10-08 01:04:52.449] [Client] Mined 15 at (15, 35, 15)
[2025-10-08 01:04:52.450] [Server] Block broken at (15, 35, 15)
[2025-10-08 01:04:52.456] [Client] Regenerating 1 chunks affected by mining at (15, 35, 15)
[2025-10-08 01:04:52.460] [Client] Remote block break at (15, 35, 15)
[2025-10-08 01:04:52.460] [Client] Regenerating 1 chunks affected by mining at (15, 35, 15)
[2025-10-08 01:04:52.905] [Client] Regenerated chunk (0, 0, 0) - 16506 vertices
[2025-10-08 01:04:52.921] [Client] Regenerated chunk (0, 0, 0) - 16506 vertices
[2025-10-08 01:04:53.964] [Client] Mined 15 at (15, 35, 15)
[2025-10-08 01:04:53.964] [Client] Regenerating 1 chunks affected by mining at (15, 35, 15)
[2025-10-08 01:04:53.981] [Server] Block broken at (15, 35, 15)
[2025-10-08 01:04:53.981] [Client] Remote block break at (15, 35, 15)
[2025-10-08 01:04:53.982] [Client] Regenerating 1 chunks affected by mining at (15, 35, 15)
[2025-10-08 01:04:54.224] [Client] Regenerated chunk (0, 0, 0) - 16506 vertices
[2025-10-08 01:04:54.240] [Client] Regenerated chunk (0, 0, 0) - 16506 vertices
[2025-10-08 01:04:55.633] [Prediction] Error: 74.2cm - reconciling
[2025-10-08 01:04:55.643] [Prediction] Replayed 12 inputs
[2025-10-08 01:04:55.643] [Prediction] Error: 99.8cm - reconciling
[2025-10-08 01:04:55.645] [Prediction] Replayed 12 inputs
[2025-10-08 01:04:55.646] [Prediction] Error: 98.1cm - reconciling
[2025-10-08 01:04:55.647] [Prediction] Replayed 9 inputs
[2025-10-08 01:04:55.647] [Prediction] Error: 74.3cm - reconciling
[2025-10-08 01:04:55.648] [Prediction] Replayed 6 inputs
[2025-10-08 01:04:55.648] [Prediction] Error: 38.6cm - reconciling
[2025-10-08 01:04:55.648] [Prediction] Replayed 3 inputs
[2025-10-08 01:04:55.649] [Prediction] Error: 39.3cm - reconciling
[2025-10-08 01:04:55.741] [Prediction] Error: 116.6cm - reconciling
[2025-10-08 01:04:55.743] [Prediction] Replayed 7 inputs
[2025-10-08 01:04:55.743] [Prediction] Error: 75.3cm - reconciling
[2025-10-08 01:04:55.744] [Prediction] Replayed 4 inputs
[2025-10-08 01:04:55.744] [Prediction] Error: 24.6cm - reconciling
[2025-10-08 01:04:55.744] [Prediction] Replayed 1 inputs
[2025-10-08 01:04:55.753] [Prediction] Error: 15.5cm - reconciling
[2025-10-08 01:04:55.754] [Prediction] Replayed 1 inputs
[2025-10-08 01:04:55.854] [Prediction] Error: 84.8cm - reconciling
[2025-10-08 01:04:55.855] [Prediction] Replayed 7 inputs
[2025-10-08 01:04:55.856] [Prediction] Error: 44.8cm - reconciling
[2025-10-08 01:04:55.856] [Prediction] Replayed 4 inputs
[2025-10-08 01:04:55.856] [Prediction] Error: 12.1cm - reconciling
[2025-10-08 01:04:55.857] [Prediction] Replayed 1 inputs
[2025-10-08 01:04:55.859] [AntiCheat] Player 0885ce36-7859-450e-bc9e-c0f6f34516c3 validation failed: excessive horizontal speed: 75.02 m/s (max 25)
[2025-10-08 01:04:55.859]   Position: <20.32093, 34.889503, 15.350794> -> <20.668186, 34.889503, 15.29862>
[2025-10-08 01:04:55.859]   Speed: H=75.02 V=0.00 Total=75.02
[2025-10-08 01:04:55.859]   Violations: 5/5
[2025-10-08 01:04:55.860] [Prediction] Error: 35.1cm - reconciling
[2025-10-08 01:04:55.945] [Prediction] Error: 39.2cm - reconciling
[2025-10-08 01:04:55.945] [Prediction] Replayed 2 inputs
[2025-10-08 01:04:56.123] [Prediction] Error: 51.2cm - reconciling
[2025-10-08 01:04:56.124] [Prediction] Replayed 2 inputs
[2025-10-08 01:04:56.185] [Prediction] Error: 11.9cm - reconciling
[2025-10-08 01:04:56.185] [Prediction] Replayed 1 inputs
[2025-10-08 01:04:56.221] [Prediction] Error: 51.5cm - reconciling
[2025-10-08 01:04:56.222] [Prediction] Replayed 4 inputs
[2025-10-08 01:04:56.224] [Prediction] Error: 12.9cm - reconciling
[2025-10-08 01:04:56.224] [Prediction] Replayed 1 inputs
[2025-10-08 01:04:56.260] [Prediction] Error: 10.6cm - reconciling
[2025-10-08 01:04:56.261] [Prediction] Replayed 1 inputs
[2025-10-08 01:04:56.310] [Prediction] Error: 14.8cm - reconciling
[2025-10-08 01:04:56.310] [Prediction] Replayed 1 inputs
[2025-10-08 01:04:56.347] [Prediction] Error: 35.6cm - reconciling
[2025-10-08 01:04:56.349] [Prediction] Replayed 2 inputs
[2025-10-08 01:04:56.469] [Prediction] Error: 24.5cm - reconciling
[2025-10-08 01:04:56.470] [Prediction] Replayed 1 inputs
[2025-10-08 01:04:56.494] [Prediction] Error: 14.7cm - reconciling
[2025-10-08 01:04:56.495] [Prediction] Replayed 1 inputs
[2025-10-08 01:04:56.611] [Prediction] Error: 90.6cm - reconciling
[2025-10-08 01:04:56.613] [Prediction] Replayed 8 inputs
[2025-10-08 01:04:56.614] [Prediction] Error: 54.2cm - reconciling
[2025-10-08 01:04:56.615] [Prediction] Replayed 5 inputs
[2025-10-08 01:04:56.615] [Prediction] Error: 21.6cm - reconciling
[2025-10-08 01:04:56.616] [Prediction] Replayed 2 inputs
[2025-10-08 01:04:56.714] [Prediction] Error: 76.2cm - reconciling
[2025-10-08 01:04:56.715] [Prediction] Replayed 4 inputs
[2025-10-08 01:04:56.715] [Prediction] Error: 37.9cm - reconciling
[2025-10-08 01:04:56.716] [Prediction] Replayed 2 inputs
[2025-10-08 01:04:56.829] [Prediction] Error: 20.9cm - reconciling
[2025-10-08 01:04:56.829] [Prediction] Replayed 2 inputs
[2025-10-08 01:04:56.871] [Prediction] Error: 50.2cm - reconciling
[2025-10-08 01:04:56.872] [Prediction] Replayed 5 inputs
[2025-10-08 01:04:56.924] [Prediction] Error: 10.7cm - reconciling
[2025-10-08 01:04:56.924] [Prediction] Replayed 1 inputs
[2025-10-08 01:04:56.958] [Prediction] Error: 10.6cm - reconciling
[2025-10-08 01:04:56.959] [Prediction] Replayed 1 inputs
[2025-10-08 01:04:57.080] [Prediction] Error: 16.5cm - reconciling
[2025-10-08 01:04:57.081] [Prediction] Replayed 1 inputs
[2025-10-08 01:04:58.582] [Prediction] Error: 31.7cm - reconciling
[2025-10-08 01:04:58.584] [Prediction] Replayed 12 inputs
[2025-10-08 01:04:58.585] [Prediction] Error: 53.1cm - reconciling
[2025-10-08 01:04:58.588] [Prediction] Replayed 11 inputs
[2025-10-08 01:04:58.588] [Prediction] Error: 49.7cm - reconciling
[2025-10-08 01:04:58.590] [Prediction] Replayed 8 inputs
[2025-10-08 01:04:58.591] [Prediction] Error: 34.9cm - reconciling
[2025-10-08 01:04:58.592] [Prediction] Replayed 4 inputs
[2025-10-08 01:04:58.592] [Prediction] Error: 47.6cm - reconciling
[2025-10-08 01:04:58.592] [Prediction] Replayed 1 inputs
[2025-10-08 01:04:58.683] [Prediction] Error: 123.4cm - reconciling
[2025-10-08 01:04:58.686] [Prediction] Replayed 9 inputs
[2025-10-08 01:04:58.686] [Prediction] Error: 81.2cm - reconciling
[2025-10-08 01:04:58.687] [Prediction] Replayed 5 inputs
[2025-10-08 01:04:58.687] [Prediction] Error: 41.5cm - reconciling
[2025-10-08 01:04:58.688] [Prediction] Replayed 2 inputs
[2025-10-08 01:04:58.789] [Prediction] Error: 32.1cm - reconciling
[2025-10-08 01:04:58.790] [Prediction] Replayed 1 inputs
[2025-10-08 01:04:58.817] [Prediction] Error: 35.3cm - reconciling
[2025-10-08 01:04:58.820] [Prediction] Replayed 2 inputs
[2025-10-08 01:04:58.941] [Prediction] Error: 60.9cm - reconciling
[2025-10-08 01:04:58.942] [Prediction] Replayed 3 inputs
[2025-10-08 01:04:58.942] [Prediction] Error: 20.3cm - reconciling
[2025-10-08 01:04:58.942] [Prediction] Replayed 1 inputs
[2025-10-08 01:04:58.956] [Prediction] Error: 21.2cm - reconciling
[2025-10-08 01:04:58.958] [Prediction] Replayed 1 inputs
[2025-10-08 01:04:59.030] [Prediction] Error: 10.4cm - reconciling
[2025-10-08 01:04:59.030] [Prediction] Replayed 1 inputs
[2025-10-08 01:04:59.046] [Prediction] Error: 11.0cm - reconciling
[2025-10-08 01:04:59.047] [Prediction] Replayed 1 inputs
[2025-10-08 01:04:59.077] [Prediction] Error: 21.4cm - reconciling
[2025-10-08 01:04:59.077] [Prediction] Replayed 1 inputs
[2025-10-08 01:04:59.106] [Prediction] Error: 12.1cm - reconciling
[2025-10-08 01:04:59.106] [Prediction] Replayed 1 inputs
[2025-10-08 01:04:59.155] [Prediction] Error: 21.1cm - reconciling
[2025-10-08 01:04:59.155] [Prediction] Replayed 1 inputs
[2025-10-08 01:04:59.156] [Prediction] Error: 18.7cm - reconciling
[2025-10-08 01:04:59.157] [Prediction] Replayed 1 inputs
[2025-10-08 01:04:59.210] [Prediction] Error: 10.2cm - reconciling
[2025-10-08 01:04:59.210] [Prediction] Replayed 1 inputs
[2025-10-08 01:04:59.289] [Prediction] Error: 104.0cm - reconciling
[2025-10-08 01:04:59.291] [Prediction] Replayed 9 inputs
[2025-10-08 01:04:59.291] [Prediction] Error: 71.3cm - reconciling
[2025-10-08 01:04:59.362] [Client] UDP recv error: System.InvalidOperationException: Collection was modified; enumeration operation may not execute.
   at System.Collections.Generic.Queue`1.Enumerator.MoveNext()
   at Aetheris.PlayerNetworkController.ReconcilePosition(ServerPlayerUpdate update) in /home/kirby/Programming/Aetheris/Net/Shared/PlayerNetworkController.cs:line 157
   at Aetheris.PlayerNetworkController.OnServerUpdate(ServerPlayerUpdate update) in /home/kirby/Programming/Aetheris/Net/Shared/PlayerNetworkController.cs:line 138
   at Aetheris.Client.HandleServerPositionUpdate(Byte[] data) in /home/kirby/Programming/Aetheris/Net/Client/Client.cs:line 183
   at Aetheris.Client.HandleUdpPacket(Byte[] data) in /home/kirby/Programming/Aetheris/Net/Client/Client.cs:line 131
   at Aetheris.Client.ListenForUdpAsync(CancellationToken token) in /home/kirby/Programming/Aetheris/Net/Client/Client.cs:line 241
[2025-10-08 01:04:59.362] [Prediction] Error: 106.1cm - reconciling
[2025-10-08 01:04:59.367] [Prediction] Replayed 17 inputs
[2025-10-08 01:04:59.368] [Prediction] Error: 222.5cm - reconciling
[2025-10-08 01:04:59.374] [Prediction] Replayed 15 inputs
[2025-10-08 01:04:59.375] [Prediction] Error: 117.9cm - reconciling
[2025-10-08 01:04:59.381] [Prediction] Replayed 12 inputs
[2025-10-08 01:04:59.381] [Prediction] Error: 106.7cm - reconciling
[2025-10-08 01:04:59.383] [Prediction] Replayed 10 inputs
[2025-10-08 01:04:59.387] [Prediction] Error: 66.4cm - reconciling
[2025-10-08 01:04:59.388] [Prediction] Replayed 6 inputs
[2025-10-08 01:04:59.389] [Prediction] Error: 38.7cm - reconciling
[2025-10-08 01:04:59.390] [Prediction] Replayed 2 inputs
[2025-10-08 01:04:59.504] [Prediction] Error: 14.3cm - reconciling
[2025-10-08 01:04:59.505] [Prediction] Replayed 1 inputs
[2025-10-08 01:04:59.535] [Prediction] Error: 32.3cm - reconciling
[2025-10-08 01:04:59.535] [Prediction] Replayed 2 inputs
[2025-10-08 01:04:59.627] [Prediction] Error: 28.9cm - reconciling
[2025-10-08 01:04:59.628] [Prediction] Replayed 3 inputs
[2025-10-08 01:04:59.666] [Prediction] Error: 52.4cm - reconciling
[2025-10-08 01:04:59.667] [Prediction] Replayed 5 inputs
[2025-10-08 01:04:59.668] [Prediction] Error: 12.5cm - reconciling
[2025-10-08 01:04:59.668] [Prediction] Replayed 1 inputs
[2025-10-08 01:04:59.767] [Prediction] Error: 18.0cm - reconciling
[2025-10-08 01:04:59.767] [Prediction] Replayed 1 inputs
[2025-10-08 01:04:59.792] [Prediction] Error: 29.7cm - reconciling
[2025-10-08 01:04:59.792] [Prediction] Replayed 1 inputs
[2025-10-08 01:04:59.802] [Prediction] Error: 11.6cm - reconciling
[2025-10-08 01:04:59.802] [Prediction] Replayed 1 inputs
