[INFO] Launching client...
[Client] Auto-tuned for 16 chunk render distance: 16 concurrent, 128 batch size
[Client] Connecting to 127.0.0.1:42069...
[Client] Connected to server.
[Game] Found atlas at: textures/atlas.png
[AtlasManager] Loaded image: textures/atlas.png (256x256)
[AtlasManager] Using preferred tile size: 64
[AtlasManager] Detected: tileSize=64, tilesPerRow=4, tilesPerCol=4
[AtlasManager] Successfully uploaded to GL texture 1
[AtlasManager] Verified texture dimensions: 256x256
[Renderer] AtlasManager loaded atlas: textures/atlas.png (GL id 1)
[Game] AtlasManager loaded: 256x256, tileSize=64, texture ID=1
[Game] Texture verified: 256x256, format=6408
[Game] Loaded 0 chunks
[Client] Chunk update loop starting...
[Client] At (0,0,0), need 2391 chunks
[Client] At (0,0,0), need 2263 chunks
[Client] At (0,0,0), need 2263 chunks
[Renderer] Chunk (0,0,0) BEFORE conversion:
  Length: 39165, vertices: 5595
  First vertex: pos=(2.00,0.00,0.10), normal=(0.12,0.54,0.83), blockType=1
[Renderer] Chunk (0,0,0) AFTER conversion:
  Length: 44760, vertices: 5595
  First vertex: pos=(2.00,0.00,0.10), normal=(0.12,0.54,0.83), uv=(0.0635,0.0020)
[Renderer] Uploaded chunk (0,0,0): VAO=1, VBO=1, 5595 vertices
=== RENDERER FIRST FRAME DIAGNOSTICS ===
Shader program: 3
Texture to bind: 1
Total meshes: 1
Camera position: (16, 30, 16)
Uniform locations: proj=3, view=4, model=2, fog=1, atlas=0
Texture dimensions: 256x256
First mesh: VAO=1, VBO=1, vertices=5595, center=(16, 48, 16)
=== END DIAGNOSTICS ===
=== ATLAS UV DIAGNOSTICS ===
Atlas: 256x256
Tile: 64px, Grid: 4x4
Stone Top -> Tile(0,0) UV=(0.0020,0.0020)
Dirt Top -> Tile(1,0) UV=(0.2520,0.0020)
Grass Top -> Tile(2,0) UV=(0.5020,0.0020)
Sand Top -> Tile(3,0) UV=(0.7520,0.0020)
Snow Top -> Tile(0,1) UV=(0.0020,0.2520)
Gravel Top -> Tile(1,1) UV=(0.2520,0.2520)
Wood Top -> Tile(2,1) UV=(0.5020,0.2520)
Leaves Top -> Tile(3,1) UV=(0.7520,0.2520)
=== END ATLAS DIAGNOSTICS ===
[Renderer] Drew 1 chunks in first frame
=== ATLAS UV DIAGNOSTICS ===
Atlas: 256x256
Tile: 64px, Grid: 4x4
Padding: 0.002 (0.2%)

Air      (ID:0) -> Tile(0,0) UV=(0.0020,0.0020) to (0.2480,0.2480)
Stone    (ID:1) -> Tile(0,0) UV=(0.0020,0.0020) to (0.2480,0.2480)
Dirt     (ID:2) -> Tile(1,0) UV=(0.2520,0.0020) to (0.4980,0.2480)
Grass    (ID:3) -> Tile(2,0) UV=(0.5020,0.0020) to (0.7480,0.2480)
Sand     (ID:4) -> Tile(3,0) UV=(0.7520,0.0020) to (0.9980,0.2480)
Snow     (ID:5) -> Tile(0,1) UV=(0.0020,0.2520) to (0.2480,0.4980)
Gravel   (ID:6) -> Tile(1,1) UV=(0.2520,0.2520) to (0.4980,0.4980)
Wood     (ID:7) -> Tile(2,1) UV=(0.5020,0.2520) to (0.7480,0.4980)
Leaves   (ID:8) -> Tile(3,1) UV=(0.7520,0.2520) to (0.9980,0.4980)
=== END ATLAS DIAGNOSTICS ===
[Client] At (0,0,0), need 2263 chunks
[Client] At (0,0,0), need 2263 chunks
[Renderer] Chunk (0,0,1) BEFORE conversion:
  Length: 40719, vertices: 5817
  First vertex: pos=(2.00,-0.00,17.44), normal=(0.09,-0.06,-0.99), blockType=1
[Renderer] Chunk (0,0,1) AFTER conversion:
  Length: 46536, vertices: 5817
  First vertex: pos=(2.00,-0.00,17.44), normal=(0.09,-0.06,-0.99), uv=(0.1865,0.0020)
[Renderer] Uploaded chunk (0,0,1): VAO=2, VBO=2, 5817 vertices
[Client] At (0,0,0), need 2263 chunks
[Client] At (0,0,0), need 2263 chunks
[Client] At (0,0,0), need 2263 chunks
[Client] At (0,0,0), need 2263 chunks
[Renderer] Chunk (0,0,-1) BEFORE conversion:
  Length: 81858, vertices: 11694
  First vertex: pos=(0.00,1.29,2.00), normal=(0.06,-0.91,-0.41), blockType=1
[Renderer] Chunk (0,0,-1) AFTER conversion:
  Length: 93552, vertices: 11694
  First vertex: pos=(0.00,1.29,2.00), normal=(0.06,-0.91,-0.41), uv=(0.0020,0.0635)
[Client] At (0,0,0), need 2263 chunks
[Client] At (0,0,0), need 2263 chunks
[Client] At (0,0,0), need 2263 chunks
[Client] At (0,0,0), need 2263 chunks
[Client] At (0,0,0), need 2263 chunks
[Client] At (0,0,0), need 2263 chunks
[Client] At (0,0,0), need 2263 chunks
[Client] At (0,0,0), need 2263 chunks
[Client] At (0,0,0), need 2263 chunks
[Client] At (0,0,0), need 2263 chunks
[Client] At (0,0,0), need 2263 chunks
[Client] At (0,0,0), need 2263 chunks
[Client] At (0,0,0), need 2263 chunks
[Client] At (0,0,0), need 2263 chunks
[Client] At (0,0,0), need 2263 chunks
[Client] At (0,0,0), need 2263 chunks
[Client] At (0,0,0), need 2263 chunks
[Client] At (0,0,0), need 2263 chunks
[Client] At (0,0,0), need 2263 chunks
[Renderer] Chunk (0,1,0): Empty mesh data
[Renderer] Chunk (-1,1,0): Empty mesh data
[Renderer] Chunk (0,1,1): Empty mesh data
[Renderer] Chunk (1,1,0): Empty mesh data
[Renderer] Chunk (0,1,-1): Empty mesh data
[Renderer] Chunk (-1,1,-1): Empty mesh data
[Renderer] Chunk (-1,1,1): Empty mesh data
[Renderer] Chunk (1,1,1): Empty mesh data
[Renderer] Chunk (1,1,-1): Empty mesh data
[Renderer] Chunk (2,1,0): Empty mesh data
[Renderer] Chunk (-2,1,0): Empty mesh data
[Renderer] Chunk (0,1,2): Empty mesh data
[Renderer] Chunk (0,1,-2): Empty mesh data
[Renderer] Chunk (2,1,1): Empty mesh data
[Renderer] Chunk (2,1,-1): Empty mesh data
[Renderer] Chunk (1,1,2): Empty mesh data
[Renderer] Chunk (1,1,-2): Empty mesh data
[Renderer] Chunk (-2,1,-1): Empty mesh data
[Renderer] Chunk (-2,1,1): Empty mesh data
[Renderer] Chunk (-1,1,-2): Empty mesh data
[Renderer] Chunk (-1,1,2): Empty mesh data
[Renderer] Chunk (-2,1,2): Empty mesh data
[Renderer] Chunk (2,1,-2): Empty mesh data
[Renderer] Chunk (2,1,2): Empty mesh data
[Renderer] Chunk (-2,1,-2): Empty mesh data
[Renderer] Chunk (-3,1,0): Empty mesh data
[Renderer] Chunk (0,1,-3): Empty mesh data
[Renderer] Chunk (3,1,0): Empty mesh data
[Renderer] Chunk (0,1,3): Empty mesh data
[Renderer] Chunk (-1,1,3): Empty mesh data
[Renderer] Chunk (-3,1,-1): Empty mesh data
[Renderer] Chunk (1,1,-3): Empty mesh data
[Renderer] Chunk (3,1,1): Empty mesh data
[Renderer] Chunk (1,1,3): Empty mesh data
[Renderer] Chunk (3,1,-1): Empty mesh data
[Renderer] Chunk (-3,1,1): Empty mesh data
[Renderer] Chunk (-1,1,-3): Empty mesh data
[Renderer] Chunk (-3,1,-2): Empty mesh data
[Renderer] Chunk (3,1,2): Empty mesh data
[Renderer] Chunk (3,1,-2): Empty mesh data
[Renderer] Chunk (4,1,0): Empty mesh data
[Renderer] Chunk (4,1,-1): Empty mesh data
[Renderer] Chunk (2,1,3): Empty mesh data
[Renderer] Chunk (2,1,-3): Empty mesh data
[Renderer] Chunk (4,1,1): Empty mesh data
[Renderer] Chunk (4,1,2): Empty mesh data
[Renderer] Chunk (3,1,-3): Empty mesh data
[Renderer] Chunk (4,1,-2): Empty mesh data
[Renderer] Chunk (3,1,3): Empty mesh data
[Renderer] Chunk (1,1,-4): Empty mesh data
[Renderer] Chunk (1,1,4): Empty mesh data
[Renderer] Chunk (5,1,0): Empty mesh data
[Renderer] Chunk (2,1,4): Empty mesh data
[Renderer] Chunk (0,1,4): Empty mesh data
[Renderer] Chunk (0,1,-4): Empty mesh data
[Renderer] Chunk (5,1,-1): Empty mesh data
[Renderer] Chunk (5,1,1): Empty mesh data
[Renderer] Chunk (2,1,-4): Empty mesh data
[Renderer] Chunk (4,1,-3): Empty mesh data
[Renderer] Chunk (-2,1,3): Empty mesh data
[Renderer] Chunk (-2,1,-3): Empty mesh data
[Renderer] Chunk (4,1,3): Empty mesh data
[Renderer] Chunk (-3,1,2): Empty mesh data
[Renderer] Chunk (3,1,4): Empty mesh data
[Renderer] Chunk (-1,1,-4): Empty mesh data
[Renderer] Chunk (5,1,-2): Empty mesh data
[Renderer] Chunk (3,1,-4): Empty mesh data
[Renderer] Chunk (5,1,2): Empty mesh data
[Renderer] Chunk (-1,1,4): Empty mesh data
[Renderer] Chunk (6,1,0): Empty mesh data
[Renderer] Chunk (4,1,-4): Empty mesh data
[Renderer] Chunk (5,1,3): Empty mesh data
[Renderer] Chunk (5,1,-3): Empty mesh data
[Renderer] Chunk (4,1,4): Empty mesh data
[Renderer] Chunk (1,1,-5): Empty mesh data
[Renderer] Chunk (1,1,5): Empty mesh data
[Renderer] Chunk (-2,1,-4): Empty mesh data
[Renderer] Chunk (-3,1,3): Empty mesh data
[Renderer] Chunk (-3,1,-3): Empty mesh data
[Renderer] Chunk (0,2,-2): Empty mesh data
[Renderer] Chunk (-1,2,-2): Empty mesh data
[Renderer] Chunk (0,2,-1): Empty mesh data
[Renderer] Chunk (0,2,-3): Empty mesh data
[Renderer] Chunk (1,2,-2): Empty mesh data
[Renderer] Chunk (-1,2,-1): Empty mesh data
[Renderer] Chunk (1,2,-3): Empty mesh data
[Renderer] Chunk (1,2,-1): Empty mesh data
[Renderer] Chunk (-1,2,-3): Empty mesh data
[Renderer] Chunk (-2,2,-2): Empty mesh data
[Renderer] Chunk (0,2,0): Empty mesh data
[Renderer] Chunk (2,2,-2): Empty mesh data
[Renderer] Chunk (0,2,-4): Empty mesh data
[Renderer] Chunk (1,2,0): Empty mesh data
[Renderer] Chunk (-1,2,-4): Empty mesh data
[Renderer] Chunk (-2,2,-3): Empty mesh data
[Renderer] Chunk (0,1,-5): Empty mesh data
[Renderer] Chunk (2,2,-1): Empty mesh data
[Renderer] Chunk (1,2,-4): Empty mesh data
[Renderer] Chunk (2,2,-3): Empty mesh data
[Renderer] Chunk (-1,2,0): Empty mesh data
[Renderer] Chunk (-2,2,-1): Empty mesh data
[Renderer] Chunk (-1,1,-5): Empty mesh data
[Renderer] Chunk (2,2,-4): Empty mesh data
[Renderer] Chunk (-2,2,-4): Empty mesh data
[Renderer] Chunk (-2,2,0): Empty mesh data
[Renderer] Chunk (2,2,0): Empty mesh data
[Renderer] Chunk (-3,1,-4): Empty mesh data
[Renderer] Chunk (-3,2,-2): Empty mesh data
[Renderer] Chunk (-2,1,-5): Empty mesh data
[Renderer] Chunk (2,1,-5): Empty mesh data
[Renderer] Chunk (0,2,1): Empty mesh data
[Renderer] Chunk (0,2,-5): Empty mesh data
[Renderer] Chunk (3,2,-2): Empty mesh data
[Renderer] Chunk (-3,2,-3): Empty mesh data
[Renderer] Chunk (1,2,-5): Empty mesh data
[Renderer] Chunk (3,2,-1): Empty mesh data
[Renderer] Chunk (-1,2,-5): Empty mesh data
[Renderer] Chunk (1,2,1): Empty mesh data
[Renderer] Chunk (-3,2,-1): Empty mesh data
[Renderer] Chunk (3,2,-3): Empty mesh data
[Renderer] Chunk (-1,2,1): Empty mesh data
[Renderer] Chunk (0,1,-6): Empty mesh data
[Renderer] Chunk (-4,1,-2): Empty mesh data
[Renderer] Chunk (-1,1,-6): Empty mesh data
[Renderer] Chunk (-2,2,1): Empty mesh data
[Renderer] Chunk (-4,1,-3): Empty mesh data
[Renderer] Chunk (2,2,-5): Empty mesh data
[Renderer] Chunk (3,2,0): Empty mesh data
[Renderer] Chunk (3,2,-4): Empty mesh data
[Renderer] Chunk (-4,1,-1): Empty mesh data
[Renderer] Chunk (2,2,1): Empty mesh data
[Renderer] Chunk (-3,2,0): Empty mesh data
[Renderer] Chunk (-2,2,-5): Empty mesh data
[Renderer] Chunk (-3,2,-4): Empty mesh data
[Renderer] Chunk (1,1,-6): Empty mesh data
[Renderer] Chunk (3,1,-5): Empty mesh data
[Renderer] Chunk (-3,1,-5): Empty mesh data
[Renderer] Chunk (-4,2,-2): Empty mesh data
[Renderer] Chunk (2,1,-6): Empty mesh data
[Renderer] Chunk (-4,1,-4): Empty mesh data
[Renderer] Chunk (0,2,-6): Empty mesh data
[Renderer] Chunk (-4,1,0): Empty mesh data
[Renderer] Chunk (4,2,-2): Empty mesh data
[Renderer] Chunk (0,2,2): Empty mesh data
[Renderer] Chunk (-2,1,-6): Empty mesh data
[Renderer] Chunk (4,2,-1): Empty mesh data
[Renderer] Chunk (4,2,-3): Empty mesh data
[Renderer] Chunk (1,2,2): Empty mesh data
[Renderer] Chunk (-4,2,-3): Empty mesh data
[Renderer] Chunk (-1,2,2): Empty mesh data
[Renderer] Chunk (-1,2,-6): Empty mesh data
[Renderer] Chunk (-4,2,-1): Empty mesh data
[Renderer] Chunk (1,2,-6): Empty mesh data
[Renderer] Chunk (-3,2,1): Empty mesh data
[Renderer] Chunk (3,2,-5): Empty mesh data
[Renderer] Chunk (-3,2,-5): Empty mesh data
[Renderer] Chunk (3,2,1): Empty mesh data
[Renderer] Chunk (-4,2,0): Empty mesh data
[Renderer] Chunk (-2,2,-6): Empty mesh data
[Renderer] Chunk (2,2,-6): Empty mesh data
[Renderer] Chunk (-4,2,-4): Empty mesh data
[Renderer] Chunk (4,2,-4): Empty mesh data
[Renderer] Chunk (2,2,2): Empty mesh data
[Renderer] Chunk (4,2,0): Empty mesh data
[Renderer] Chunk (-2,2,2): Empty mesh data
[Renderer] Chunk (-5,1,-2): Empty mesh data
[Renderer] Chunk (-4,1,-5): Empty mesh data
[Renderer] Chunk (4,1,-5): Empty mesh data
[Renderer] Chunk (-4,1,1): Empty mesh data
[Renderer] Chunk (3,1,-6): Empty mesh data
[Renderer] Chunk (-3,1,-6): Empty mesh data
[Renderer] Chunk (0,1,-7): Empty mesh data
[Renderer] Chunk (-5,1,-1): Empty mesh data
[Renderer] Chunk (1,1,-7): Empty mesh data
[Renderer] Chunk (-1,1,-7): Empty mesh data
[Renderer] Chunk (-5,1,-3): Empty mesh data
[Renderer] Chunk (3,2,2): Empty mesh data
[Renderer] Chunk (-5,2,-2): Empty mesh data
[Renderer] Chunk (-4,2,-5): Empty mesh data
[Renderer] Chunk (0,2,3): Empty mesh data
[Renderer] Chunk (4,2,1): Empty mesh data
[Renderer] Chunk (4,2,-5): Empty mesh data
[Renderer] Chunk (2,1,-7): Empty mesh data
[Renderer] Chunk (-3,2,-6): Empty mesh data
[Renderer] Chunk (-3,2,2): Empty mesh data
[Renderer] Chunk (-4,2,1): Empty mesh data
[Renderer] Chunk (-5,1,-4): Empty mesh data
[Renderer] Chunk (-5,1,0): Empty mesh data
[Renderer] Chunk (-2,1,-7): Empty mesh data
[Renderer] Chunk (5,1,-4): Empty mesh data
[Renderer] Chunk (0,2,-7): Empty mesh data
[Renderer] Chunk (5,2,-2): Empty mesh data
[Renderer] Chunk (-4,1,-6): Empty mesh data
[Renderer] Chunk (-3,1,-7): Empty mesh data
[Renderer] Chunk (-5,1,-5): Empty mesh data
[Renderer] Chunk (-1,2,-7): Empty mesh data
[Renderer] Chunk (-5,2,-3): Empty mesh data
[Renderer] Chunk (-5,2,-4): Empty mesh data
[Renderer] Chunk (-2,2,-7): Empty mesh data
[Renderer] Chunk (-4,2,-6): Empty mesh data
[Renderer] Chunk (1,2,-7): Empty mesh data
[Renderer] Chunk (-5,2,-5): Empty mesh data
[Renderer] Chunk (-5,2,-1): Empty mesh data
[Renderer] Chunk (-3,2,-7): Empty mesh data
[Renderer] Chunk (-4,1,-7): Empty mesh data
[Renderer] Chunk (-1,1,-8): Empty mesh data
[Renderer] Chunk (-5,1,-6): Empty mesh data
[Renderer] Chunk (-6,1,-3): Empty mesh data
[Renderer] Chunk (-6,1,-2): Empty mesh data
[Renderer] Chunk (-6,1,-4): Empty mesh data
[Renderer] Chunk (-2,1,-8): Empty mesh data
[Renderer] Chunk (0,1,-8): Empty mesh data
[Renderer] Chunk (-4,2,-7): Empty mesh data
[Renderer] Chunk (-6,1,-5): Empty mesh data
[Renderer] Chunk (-6,2,-3): Empty mesh data
[Renderer] Chunk (3,2,-6): Empty mesh data
[Renderer] Chunk (2,2,-7): Empty mesh data
[Renderer] Chunk (-1,2,-8): Empty mesh data
[Renderer] Chunk (1,1,-8): Empty mesh data
[Renderer] Chunk (-3,1,-8): Empty mesh data
[Renderer] Chunk (-6,1,-1): Empty mesh data
[Renderer] Chunk (-5,2,0): Empty mesh data
[Renderer] Chunk (-5,2,-6): Empty mesh data
[Renderer] Chunk (-6,2,-2): Empty mesh data
[Renderer] Chunk (-2,2,-8): Empty mesh data
[Renderer] Chunk (0,2,-8): Empty mesh data
[Renderer] Chunk (-6,2,-4): Empty mesh data
[Renderer] Chunk (-5,1,1): Empty mesh data
[Renderer] Chunk (-5,1,-7): Empty mesh data
[Renderer] Chunk (3,1,-7): Empty mesh data
[Renderer] Chunk (-6,2,-5): Empty mesh data
[Renderer] Chunk (1,2,-8): Empty mesh data
[Renderer] Chunk (-6,2,-1): Empty mesh data
[Renderer] Chunk (-3,2,-8): Empty mesh data
[Renderer] Chunk (-6,1,-6): Empty mesh data
[Renderer] Chunk (-4,1,2): Empty mesh data
[Renderer] Chunk (4,1,-6): Empty mesh data
[Renderer] Chunk (-6,1,0): Empty mesh data
[Renderer] Chunk (-4,1,-8): Empty mesh data
[Renderer] Chunk (2,1,-8): Empty mesh data
[Renderer] Chunk (3,2,-7): Empty mesh data
[Renderer] Chunk (-5,2,1): Empty mesh data
[Renderer] Chunk (-5,2,-7): Empty mesh data
[Renderer] Chunk (-1,1,-9): Empty mesh data
[Renderer] Chunk (-7,1,-3): Empty mesh data
[Renderer] Chunk (-7,1,-2): Empty mesh data
[Renderer] Chunk (-7,1,-4): Empty mesh data
[Renderer] Chunk (-2,1,-9): Empty mesh data
[Renderer] Chunk (0,1,-9): Empty mesh data
[Client] Shutting down...
[Client] Error loading (-7,2,-3): The operation was canceled.
[Client] Error loading (5,2,-3): The operation was canceled.
[Client] Error loading (-4,2,-8): The operation was canceled.
[Client] Error loading (-3,1,-9): The operation was canceled.
[Client] Error loading (2,2,-8): The operation was canceled.
[Client] Error loading (5,1,-5): The operation was canceled.
[Client] Error loading (-1,2,3): The operation was canceled.
[Client] Error loading (-6,0,0): The operation was canceled.
[Client] Error loading (-4,0,-8): The operation was canceled.
[Client] Error loading (-6,2,0): The operation was canceled.
[Client] Error loading (-6,0,-6): The operation was canceled.
[Client] Error loading (-6,2,-6): The operation was canceled.
[Client] Error loading (4,0,-6): The operation was canceled.
[Client] Error loading (-4,2,2): The operation was canceled.
[Client] Error loading (4,2,-6): The operation was canceled.
[Client] Error loading (2,0,-8): The operation was canceled.
[INFO] Program finished.
