[INFO] Server started.
[INFO] Server running. Press Ctrl+C to stop.
[[Server]] Listening on port 42069 @ 60 TPS
[[Server]] Tick 0 | Cache: 0/20000
[[Server]] Tick 300 | Cache: 0/20000
[[Server]] Tick 600 | Cache: 35/20000
[[Server]] Tick 900 | Cache: 91/20000
[[Server]] Tick 1200 | Cache: 140/20000
[[Server]] Tick 1800 | Cache: 236/20000
[[Server]] Tick 2100 | Cache: 386/20000
[[Server]] Error handling chunk (2,0,-8): Cannot access a disposed object.
Object name: 'System.Net.Sockets.NetworkStream'.
[[Server]] Tick 2700 | Cache: 469/20000
[[Server]] Tick 3000 | Cache: 469/20000
[[Server]] Tick 3600 | Cache: 469/20000
[[Server]] Tick 3600 | Cache: 469/20000
[[Server]] Tick 3900 | Cache: 469/20000
[[Server]] Tick 4200 | Cache: 469/20000
[[Server]] Tick 4500 | Cache: 469/20000
[[Server]] Tick 4800 | Cache: 469/20000
[[Server]] Tick 4800 | Cache: 469/20000
[[Server]] Tick 5100 | Cache: 469/20000
[[Server]] Tick 5400 | Cache: 469/20000
[[Server]] Tick 5700 | Cache: 469/20000
[[Server]] Tick 6000 | Cache: 469/20000
[[Server]] Tick 6300 | Cache: 469/20000
[[Server]] Tick 6600 | Cache: 469/20000
[[Server]] Tick 6600 | Cache: 469/20000
[[Server]] Tick 6900 | Cache: 469/20000
[[Server]] Tick 7200 | Cache: 469/20000
[[Server]] Tick 7500 | Cache: 469/20000
[[Server]] Tick 7800 | Cache: 469/20000
[[Server]] Tick 8100 | Cache: 469/20000
[[Server]] Tick 8400 | Cache: 469/20000
[[Server]] Tick 8700 | Cache: 469/20000
[[Server]] Tick 9000 | Cache: 469/20000
[[Server]] Tick 9300 | Cache: 469/20000
[[Server]] Tick 9600 | Cache: 469/20000
[[Server]] Tick 9900 | Cache: 469/20000
[[Server]] Tick 10200 | Cache: 469/20000
[[Server]] Tick 10500 | Cache: 469/20000
[[Server]] Tick 10800 | Cache: 469/20000
[[Server]] Tick 11100 | Cache: 469/20000
[[Server]] Tick 11400 | Cache: 469/20000
[[Server]] Tick 11700 | Cache: 469/20000
[[Server]] Tick 12000 | Cache: 469/20000
[[Server]] Tick 12300 | Cache: 469/20000
[[Server]] Tick 12600 | Cache: 469/20000
[[Server]] Tick 12900 | Cache: 469/20000
[[Server]] Tick 13200 | Cache: 469/20000
[[Server]] Tick 13500 | Cache: 469/20000
[[Server]] Tick 13800 | Cache: 469/20000
[[Server]] Tick 14100 | Cache: 469/20000
[[Server]] Tick 14400 | Cache: 469/20000
[[Server]] Tick 14700 | Cache: 469/20000
[[Server]] Tick 15000 | Cache: 469/20000
[[Server]] Tick 15300 | Cache: 469/20000
[[Server]] Tick 15600 | Cache: 469/20000
[[Server]] Tick 15900 | Cache: 469/20000
[[Server]] Tick 16200 | Cache: 469/20000
[[Server]] Tick 16500 | Cache: 469/20000
[[Server]] Tick 16800 | Cache: 469/20000
[[Server]] Tick 17100 | Cache: 469/20000
[[Server]] Tick 17400 | Cache: 469/20000
[[Server]] Tick 17700 | Cache: 469/20000
[[Server]] Tick 18000 | Cache: 469/20000
[[Server]] Tick 18300 | Cache: 469/20000
[[Server]] Tick 18600 | Cache: 469/20000
[[Server]] Tick 18900 | Cache: 469/20000
[[Server]] Tick 19200 | Cache: 469/20000
[[Server]] Tick 19500 | Cache: 469/20000
[[Server]] Tick 19800 | Cache: 469/20000
[[Server]] Tick 20100 | Cache: 469/20000
[[Server]] Tick 20400 | Cache: 469/20000
[[Server]] Tick 20700 | Cache: 469/20000
[[Server]] Tick 21000 | Cache: 469/20000
[[Server]] Tick 21300 | Cache: 469/20000
[[Server]] Tick 21600 | Cache: 469/20000
[[Server]] Tick 21900 | Cache: 469/20000
[[Server]] Tick 22200 | Cache: 469/20000
[[Server]] Tick 22500 | Cache: 469/20000
[[Server]] Tick 22800 | Cache: 469/20000
[[Server]] Tick 23100 | Cache: 469/20000
[[Server]] Tick 23400 | Cache: 469/20000
[[Server]] Tick 23700 | Cache: 469/20000
[[Server]] Tick 24000 | Cache: 469/20000
[[Server]] Tick 24300 | Cache: 469/20000
[[Server]] Tick 24600 | Cache: 469/20000
[[Server]] Tick 24600 | Cache: 469/20000
[[Server]] Tick 24900 | Cache: 469/20000
[[Server]] Tick 25500 | Cache: 469/20000
[[Server]] Tick 25500 | Cache: 469/20000
[[Server]] Tick 25800 | Cache: 469/20000
[[Server]] Tick 26100 | Cache: 469/20000
[[Server]] Tick 26400 | Cache: 469/20000
[[Server]] Tick 26700 | Cache: 469/20000
[[Server]] Tick 27000 | Cache: 469/20000
[[Server]] Tick 27300 | Cache: 469/20000
[[Server]] Tick 27600 | Cache: 469/20000
[[Server]] Tick 27900 | Cache: 469/20000
[[Server]] Tick 28200 | Cache: 469/20000
[[Server]] Tick 28500 | Cache: 512/20000
[[Server]] Tick 28800 | Cache: 563/20000
[[Server]] Tick 29100 | Cache: 601/20000
[[Server]] Tick 29400 | Cache: 649/20000
[[Server]] Tick 29700 | Cache: 784/20000
[[Server]] Error handling chunk (0,-1,9): Cannot access a disposed object.
Object name: 'System.Net.Sockets.NetworkStream'.
[[Server]] Tick 30000 | Cache: 831/20000
[[Server]] Tick 30300 | Cache: 831/20000
[[Server]] Tick 30600 | Cache: 831/20000
[[Server]] Tick 30900 | Cache: 831/20000
[[Server]] Tick 31200 | Cache: 831/20000
[[Server]] Tick 31500 | Cache: 831/20000
[[Server]] Tick 31800 | Cache: 831/20000
[[Server]] Tick 32100 | Cache: 831/20000
[[Server]] Tick 32400 | Cache: 836/20000
[[Server]] Tick 32700 | Cache: 874/20000
[[Server]] Error handling chunk (-8,-1,-1): Cannot access a disposed object.
Object name: 'System.Net.Sockets.NetworkStream'.
[[Server]] Tick 33000 | Cache: 888/20000
[[Server]] Tick 33300 | Cache: 888/20000
[[Server]] Tick 33600 | Cache: 888/20000
[[Server]] Tick 33900 | Cache: 888/20000
[[Server]] Tick 34200 | Cache: 888/20000
[[Server]] Tick 34500 | Cache: 888/20000
[[Server]] Tick 34800 | Cache: 888/20000
[[Server]] Tick 35100 | Cache: 888/20000
[[Server]] Tick 35400 | Cache: 888/20000
[[Server]] Tick 35700 | Cache: 888/20000
[[Server]] Tick 36000 | Cache: 888/20000
[[Server]] Tick 36300 | Cache: 888/20000
[[Server]] Tick 37200 | Cache: 888/20000
[[Server]] Tick 37500 | Cache: 888/20000
[[Server]] Tick 37800 | Cache: 888/20000
[[Server]] Tick 38100 | Cache: 888/20000
[[Server]] Tick 38400 | Cache: 888/20000
[[Server]] Tick 38700 | Cache: 888/20000
[[Server]] Tick 39000 | Cache: 888/20000
[[Server]] Tick 39300 | Cache: 888/20000
[[Server]] Tick 39600 | Cache: 888/20000
[[Server]] Tick 39900 | Cache: 888/20000
[[Server]] Tick 40200 | Cache: 888/20000
[[Server]] Tick 40500 | Cache: 888/20000
[[Server]] Tick 40800 | Cache: 888/20000
[[Server]] Tick 41100 | Cache: 888/20000
[[Server]] Tick 41400 | Cache: 888/20000
[[Server]] Tick 41700 | Cache: 888/20000
[[Server]] Tick 42000 | Cache: 888/20000
[[Server]] Tick 42300 | Cache: 888/20000
[[Server]] Tick 42600 | Cache: 888/20000
[[Server]] Tick 42900 | Cache: 888/20000
[[Server]] Tick 43200 | Cache: 888/20000
[[Server]] Tick 43500 | Cache: 888/20000
[[Server]] Tick 43800 | Cache: 888/20000
[[Server]] Tick 44100 | Cache: 888/20000
[[Server]] Tick 44400 | Cache: 888/20000
[[Server]] Tick 44700 | Cache: 918/20000
[[Server]] Tick 45000 | Cache: 963/20000
[[Server]] Tick 45300 | Cache: 1012/20000
[[Server]] Tick 45600 | Cache: 1054/20000
[[Server]] Tick 45900 | Cache: 1136/20000
[[Server]] Error handling chunk (-5,0,9): Cannot access a disposed object.
Object name: 'System.Net.Sockets.NetworkStream'.
[[Server]] Tick 46200 | Cache: 1179/20000
[[Server]] Tick 46500 | Cache: 1179/20000
[[Server]] Tick 46800 | Cache: 1179/20000
[[Server]] Tick 47100 | Cache: 1179/20000
[[Server]] Tick 47400 | Cache: 1179/20000
[[Server]] Tick 47700 | Cache: 1179/20000
[[Server]] Tick 48000 | Cache: 1179/20000
[[Server]] Tick 48300 | Cache: 1179/20000
[[Server]] Tick 48600 | Cache: 1179/20000
[[Server]] Tick 48900 | Cache: 1179/20000
[[Server]] Tick 49200 | Cache: 1179/20000
[[Server]] Tick 49500 | Cache: 1179/20000
[[Server]] Tick 49800 | Cache: 1179/20000
[[Server]] Tick 50100 | Cache: 1179/20000
[[Server]] Tick 50400 | Cache: 1179/20000
[[Server]] Tick 50700 | Cache: 1179/20000
[[Server]] Tick 51000 | Cache: 1179/20000
[[Server]] Tick 51300 | Cache: 1179/20000
[[Server]] Tick 51600 | Cache: 1179/20000
[[Server]] Tick 51900 | Cache: 1179/20000
[[Server]] Tick 52200 | Cache: 1179/20000
[[Server]] Tick 52500 | Cache: 1179/20000
[[Server]] Tick 52800 | Cache: 1179/20000
[[Server]] Tick 53100 | Cache: 1179/20000
[[Server]] Tick 53400 | Cache: 1179/20000
[[Server]] Tick 53700 | Cache: 1179/20000
[[Server]] Tick 54000 | Cache: 1179/20000
[[Server]] Tick 54300 | Cache: 1179/20000
[[Server]] Tick 54600 | Cache: 1179/20000
[[Server]] Tick 54900 | Cache: 1179/20000
[[Server]] Tick 55200 | Cache: 1179/20000
[[Server]] Tick 55500 | Cache: 1179/20000
[[Server]] Tick 55800 | Cache: 1179/20000
